<?xml version="1.0" encoding="UTF-8"?>
<!-- Generated by org.testng.reporters.JUnitXMLReporter -->
<testsuite ignored="0" hostname="DESKTOP-PE1AT5K" failures="0" tests="4" name="Default test" time="87.172" errors="0" timestamp="2024-01-27T17:46:38 IST">
  <testcase classname="com.crm.qa.testcases.LoginPageTest" name="crmLogoVisibleTest" time="0.154"/>
  <testcase classname="com.crm.qa.testcases.LoginPageTest" name="clickPricingLinkTest" time="10.623"/>
  <testcase classname="com.crm.qa.testcases.LoginPageTest" name="clickCustomersLinkTest" time="11.279"/>
  <testcase classname="com.crm.qa.testcases.LoginPageTest" name="loginTest" time="16.016"/>
</testsuite> <!-- Default test -->
