<?xml version="1.0" encoding="UTF-8"?>
<testng-results ignored="0" total="4" passed="4" failed="0" skipped="0">
  <reporter-output>
  </reporter-output>
  <suite started-at="2024-01-27T17:45:10 IST" name="Default suite" finished-at="2024-01-27T17:46:38 IST" duration-ms="87172">
    <groups>
    </groups>
    <test started-at="2024-01-27T17:45:10 IST" name="Default test" finished-at="2024-01-27T17:46:38 IST" duration-ms="87172">
      <class name="com.crm.qa.testcases.LoginPageTest">
        <test-method is-config="true" signature="setUp()[pri:0, instance:com.crm.qa.testcases.LoginPageTest@4a883b15]" started-at="2024-01-27T17:45:10 IST" name="setUp" finished-at="2024-01-27T17:45:22 IST" duration-ms="11541" status="PASS">
          <reporter-output>
          </reporter-output>
        </test-method> <!-- setUp -->
        <test-method signature="crmLogoVisibleTest()[pri:1, instance:com.crm.qa.testcases.LoginPageTest@4a883b15]" started-at="2024-01-27T17:45:22 IST" name="crmLogoVisibleTest" finished-at="2024-01-27T17:45:22 IST" duration-ms="154" status="PASS">
          <reporter-output>
          </reporter-output>
        </test-method> <!-- crmLogoVisibleTest -->
        <test-method is-config="true" signature="tearDown()[pri:0, instance:com.crm.qa.testcases.LoginPageTest@4a883b15]" started-at="2024-01-27T17:45:22 IST" name="tearDown" finished-at="2024-01-27T17:45:22 IST" duration-ms="3" status="PASS">
          <reporter-output>
          </reporter-output>
        </test-method> <!-- tearDown -->
        <test-method is-config="true" signature="setUp()[pri:0, instance:com.crm.qa.testcases.LoginPageTest@4a883b15]" started-at="2024-01-27T17:45:22 IST" name="setUp" finished-at="2024-01-27T17:45:36 IST" duration-ms="13391" status="PASS">
          <reporter-output>
          </reporter-output>
        </test-method> <!-- setUp -->
        <test-method signature="clickPricingLinkTest()[pri:2, instance:com.crm.qa.testcases.LoginPageTest@4a883b15]" started-at="2024-01-27T17:45:36 IST" name="clickPricingLinkTest" finished-at="2024-01-27T17:45:46 IST" duration-ms="10623" status="PASS">
          <reporter-output>
          </reporter-output>
        </test-method> <!-- clickPricingLinkTest -->
        <test-method is-config="true" signature="tearDown()[pri:0, instance:com.crm.qa.testcases.LoginPageTest@4a883b15]" started-at="2024-01-27T17:45:46 IST" name="tearDown" finished-at="2024-01-27T17:45:46 IST" duration-ms="0" status="PASS">
          <reporter-output>
          </reporter-output>
        </test-method> <!-- tearDown -->
        <test-method is-config="true" signature="setUp()[pri:0, instance:com.crm.qa.testcases.LoginPageTest@4a883b15]" started-at="2024-01-27T17:45:46 IST" name="setUp" finished-at="2024-01-27T17:45:59 IST" duration-ms="12336" status="PASS">
          <reporter-output>
          </reporter-output>
        </test-method> <!-- setUp -->
        <test-method signature="clickCustomersLinkTest()[pri:3, instance:com.crm.qa.testcases.LoginPageTest@4a883b15]" started-at="2024-01-27T17:45:59 IST" name="clickCustomersLinkTest" finished-at="2024-01-27T17:46:10 IST" duration-ms="11279" status="PASS">
          <reporter-output>
          </reporter-output>
        </test-method> <!-- clickCustomersLinkTest -->
        <test-method is-config="true" signature="tearDown()[pri:0, instance:com.crm.qa.testcases.LoginPageTest@4a883b15]" started-at="2024-01-27T17:46:10 IST" name="tearDown" finished-at="2024-01-27T17:46:10 IST" duration-ms="0" status="PASS">
          <reporter-output>
          </reporter-output>
        </test-method> <!-- tearDown -->
        <test-method is-config="true" signature="setUp()[pri:0, instance:com.crm.qa.testcases.LoginPageTest@4a883b15]" started-at="2024-01-27T17:46:10 IST" name="setUp" finished-at="2024-01-27T17:46:22 IST" duration-ms="11724" status="PASS">
          <reporter-output>
          </reporter-output>
        </test-method> <!-- setUp -->
        <test-method signature="loginTest()[pri:4, instance:com.crm.qa.testcases.LoginPageTest@4a883b15]" started-at="2024-01-27T17:46:22 IST" name="loginTest" finished-at="2024-01-27T17:46:38 IST" duration-ms="16016" status="PASS">
          <reporter-output>
          </reporter-output>
        </test-method> <!-- loginTest -->
        <test-method is-config="true" signature="tearDown()[pri:0, instance:com.crm.qa.testcases.LoginPageTest@4a883b15]" started-at="2024-01-27T17:46:38 IST" name="tearDown" finished-at="2024-01-27T17:46:38 IST" duration-ms="1" status="PASS">
          <reporter-output>
          </reporter-output>
        </test-method> <!-- tearDown -->
      </class> <!-- com.crm.qa.testcases.LoginPageTest -->
    </test> <!-- Default test -->
  </suite> <!-- Default suite -->
</testng-results>
